2014-07-27 18:06:57.625 sociogram[4128:70b] Multi-tasking -> Device: YES, App: YES
2014-07-27 18:06:57.634 sociogram[4128:70b] Unlimited access to network resources
2014-07-27 18:06:57.658 sociogram[4128:70b] [CDVTimer][keyboard] 0.096977ms
2014-07-27 18:06:57.659 sociogram[4128:70b] CDVPlugin class CDVStatusBar (pluginName: statusbar) does not exist.
2014-07-27 18:06:57.659 sociogram[4128:70b] [CDVTimer][statusbar] 0.446022ms
2014-07-27 18:06:57.660 sociogram[4128:70b] [CDVTimer][TotalPluginStartup] 1.574993ms
2014-07-27 18:06:57.814 sociogram[4128:70b] Resetting plugins due to page load.
2014-07-27 18:06:58.011 sociogram[4128:70b] Finished load of: file:///Users/david/Library/Application%20Support/iPhone%20Simulator/7.1/Applications/7735512D-C8ED-4CB7-8691-929524D51B25/sociogram.app/www/index.html#/app/person/me/feed
2014-07-27 18:07:19.882 sociogram[4128:70b] Setting the WebView's frame to {{0, 0}, {320, 436}}
2014-07-27 18:07:19.903 sociogram[4128:70b] THREAD WARNING: ['InAppBrowser'] took '79.885010' ms. Plugin should use a background thread.
2014-07-27 18:07:20.527 sociogram[4128:70b] webView:didFailLoadWithError - -999: The operation couldn’t be completed. (NSURLErrorDomain error -999.)
2014-07-27 18:07:34.081 sociogram[4128:70b] Setting the WebView's frame to {{0, 0}, {320, 436}}
2014-07-27 18:08:23.275 sociogram[4128:70b] Setting the WebView's frame to {{0, 0}, {320, 436}}
2014-07-28 08:55:36.999 sociogram[778:70b] Multi-tasking -> Device: YES, App: YES
2014-07-28 08:55:37.046 sociogram[778:70b] Unlimited access to network resources
2014-07-28 08:55:37.411 sociogram[778:70b] [CDVTimer][keyboard] 0.106037ms
2014-07-28 08:55:37.412 sociogram[778:70b] CDVPlugin class CDVStatusBar (pluginName: statusbar) does not exist.
2014-07-28 08:55:37.412 sociogram[778:70b] [CDVTimer][statusbar] 0.469029ms
2014-07-28 08:55:37.413 sociogram[778:70b] [CDVTimer][TotalPluginStartup] 1.564980ms
2014-07-28 08:55:37.645 sociogram[778:70b] Resetting plugins due to page load.
2014-07-28 08:55:38.062 sociogram[778:70b] Finished load of: file:///Users/david/Library/Application%20Support/iPhone%20Simulator/7.1/Applications/7735512D-C8ED-4CB7-8691-929524D51B25/sociogram.app/www/index.html#/app/person/me/feed
2014-07-28 08:55:40.267 sociogram[778:70b] Setting the WebView's frame to {{0, 0}, {320, 436}}
2014-07-28 08:55:40.285 sociogram[778:70b] THREAD WARNING: ['InAppBrowser'] took '67.798096' ms. Plugin should use a background thread.
